<?xml version="1.0" encoding="UTF-8"?>
<testsuite name="com.bridgelabz.EmployeePayrollDBServiceTest" tests="1" skipped="0" failures="0" errors="0" timestamp="2021-08-22T11:25:31" hostname="DESKTOP-TK8JRTA" time="1.097">
  <properties/>
  <testcase name="givenEmployeePayrollInDB_WhenRetrieved_ShouldMatchEmployeeCount()" classname="com.bridgelabz.EmployeePayrollDBServiceTest" time="1.097"/>
  <system-out><![CDATA[connecting to database : jdbc:mysql://localhost:3306/payroll_service?userSSL=false
Connection to the Database Successfully! :com.mysql.cj.jdbc.ConnectionImpl@220ccfbc
]]></system-out>
  <system-err><![CDATA[]]></system-err>
</testsuite>
