<?xml version="1.0" encoding="UTF-8"?>
<testsuite name="com.bridgelabz.EmployeePayrollDBServiceTest" tests="1" skipped="0" failures="0" errors="0" timestamp="2021-08-23T15:35:01" hostname="DESKTOP-TK8JRTA" time="0.689">
  <properties/>
  <testcase name="givenDateRange_WhenRetreived_ShouldReturnCount()" classname="com.bridgelabz.EmployeePayrollDBServiceTest" time="0.689"/>
  <system-out><![CDATA[connecting to database : jdbc:mysql://localhost:3306/payroll_service?userSSL=false
Connection to the Database Successfully! :com.mysql.cj.jdbc.ConnectionImpl@3710e184
]]></system-out>
  <system-err><![CDATA[]]></system-err>
</testsuite>
